0 info it worked if it ends with ok
1 verbose cli [ '/usr/local/Cellar/node/7.2.1/bin/node',
1 verbose cli   '/usr/local/bin/npm',
1 verbose cli   'run',
1 verbose cli   'build' ]
2 info using npm@3.10.9
3 info using node@v7.2.1
4 verbose run-script [ 'prebuild', 'build', 'postbuild' ]
5 info lifecycle igsem-mock-fetch-api@1.2.8~prebuild: igsem-mock-fetch-api@1.2.8
6 silly lifecycle igsem-mock-fetch-api@1.2.8~prebuild: no script for prebuild, continuing
7 info lifecycle igsem-mock-fetch-api@1.2.8~build: igsem-mock-fetch-api@1.2.8
8 verbose lifecycle igsem-mock-fetch-api@1.2.8~build: unsafe-perm in lifecycle true
9 verbose lifecycle igsem-mock-fetch-api@1.2.8~build: PATH: /usr/local/lib/node_modules/npm/bin/node-gyp-bin:/Users/websolutions/Desktop/ReactProjects/ibs/mock-fetch-api/node_modules/.bin:/usr/local/Cellar/node/7.2.1/bin:/Library/Frameworks/Python.framework/Versions/3.5/bin:/Library/Frameworks/Python.framework/Versions/3.5/bin:/Library/Frameworks/Python.framework/Versions/3.5/bin:~/.composer/vendor/bin:/usr/local/sbin:/usr/local/bin:/usr/bin:/bin:/usr/sbin:/sbin:/opt/X11/bin:/Library/Frameworks/Mono.framework/Versions/Current/Commands:/Users/websolutions/phalcon-devtools
10 verbose lifecycle igsem-mock-fetch-api@1.2.8~build: CWD: /Users/websolutions/Desktop/ReactProjects/ibs/mock-fetch-api
11 silly lifecycle igsem-mock-fetch-api@1.2.8~build: Args: [ '-c',
11 silly lifecycle   'npm run test && npm run flow && npm run babelCompile && npm run minorVersion && npm run gitCommit' ]
12 silly lifecycle igsem-mock-fetch-api@1.2.8~build: Returned: code: 1  signal: null
13 info lifecycle igsem-mock-fetch-api@1.2.8~build: Failed to exec build script
14 verbose stack Error: igsem-mock-fetch-api@1.2.8 build: `npm run test && npm run flow && npm run babelCompile && npm run minorVersion && npm run gitCommit`
14 verbose stack Exit status 1
14 verbose stack     at EventEmitter.<anonymous> (/usr/local/lib/node_modules/npm/lib/utils/lifecycle.js:255:16)
14 verbose stack     at emitTwo (events.js:106:13)
14 verbose stack     at EventEmitter.emit (events.js:191:7)
14 verbose stack     at ChildProcess.<anonymous> (/usr/local/lib/node_modules/npm/lib/utils/spawn.js:40:14)
14 verbose stack     at emitTwo (events.js:106:13)
14 verbose stack     at ChildProcess.emit (events.js:191:7)
14 verbose stack     at maybeClose (internal/child_process.js:885:16)
14 verbose stack     at Process.ChildProcess._handle.onexit (internal/child_process.js:226:5)
15 verbose pkgid igsem-mock-fetch-api@1.2.8
16 verbose cwd /Users/websolutions/Desktop/ReactProjects/ibs/mock-fetch-api
17 error Darwin 16.4.0
18 error argv "/usr/local/Cellar/node/7.2.1/bin/node" "/usr/local/bin/npm" "run" "build"
19 error node v7.2.1
20 error npm  v3.10.9
21 error code ELIFECYCLE
22 error igsem-mock-fetch-api@1.2.8 build: `npm run test && npm run flow && npm run babelCompile && npm run minorVersion && npm run gitCommit`
22 error Exit status 1
23 error Failed at the igsem-mock-fetch-api@1.2.8 build script 'npm run test && npm run flow && npm run babelCompile && npm run minorVersion && npm run gitCommit'.
23 error Make sure you have the latest version of node.js and npm installed.
23 error If you do, this is most likely a problem with the igsem-mock-fetch-api package,
23 error not with npm itself.
23 error Tell the author that this fails on your system:
23 error     npm run test && npm run flow && npm run babelCompile && npm run minorVersion && npm run gitCommit
23 error You can get information on how to open an issue for this project with:
23 error     npm bugs igsem-mock-fetch-api
23 error Or if that isn't available, you can get their info via:
23 error     npm owner ls igsem-mock-fetch-api
23 error There is likely additional logging output above.
24 verbose exit [ 1, true ]
